<?xml version="1.0" encoding="UTF-8"?>
<!-- Generated by org.testng.reporters.JUnitXMLReporter -->
<testsuite ignored="0" hostname="COMPND-LTP-2160" failures="0" tests="3" name="Default test" time="15.175" errors="0" timestamp="2023-08-03T01:01:57 IST">
  <testcase classname="TestCases.LoginTest" name="loginToApplication" time="0.199"/>
  <testcase classname="TestCases.LoginTest" name="loginToApplication" time="0.196"/>
  <testcase classname="TestCases.LoginTest" name="loginToApplication" time="0.188"/>
</testsuite> <!-- Default test -->
