<?xml version="1.0" encoding="UTF-8"?>
<testng-results ignored="0" total="2" passed="2" failed="0" skipped="0">
  <reporter-output>
  </reporter-output>
  <suite started-at="2023-08-04T00:05:30 IST" name="Suite" finished-at="2023-08-04T00:05:46 IST" duration-ms="15786">
    <groups>
    </groups>
    <test started-at="2023-08-04T00:05:30 IST" name="Test" finished-at="2023-08-04T00:05:46 IST" duration-ms="15786">
      <class name="TestCases.LoginTest">
        <test-method is-config="true" signature="startBrowser()[pri:0, instance:TestCases.LoginTest@1a20270e]" started-at="2023-08-04T00:05:31 IST" name="startBrowser" finished-at="2023-08-04T00:05:40 IST" duration-ms="9162" status="PASS">
          <reporter-output>
          </reporter-output>
        </test-method> <!-- startBrowser -->
        <test-method signature="loginToApplication(java.lang.String,java.lang.String)[pri:0, instance:TestCases.LoginTest@1a20270e]" started-at="2023-08-04T00:05:40 IST" name="loginToApplication" data-provider="login" finished-at="2023-08-04T00:05:40 IST" duration-ms="267" status="PASS">
          <params>
            <param index="0">
              <value>
                <![CDATA[ineuron@ineuron.ai]]>
              </value>
            </param>
            <param index="1">
              <value>
                <![CDATA[ineuron]]>
              </value>
            </param>
          </params>
          <reporter-output>
          </reporter-output>
        </test-method> <!-- loginToApplication -->
        <test-method is-config="true" signature="closeBrowser()[pri:0, instance:TestCases.LoginTest@1a20270e]" started-at="2023-08-04T00:05:40 IST" name="closeBrowser" finished-at="2023-08-04T00:05:40 IST" duration-ms="157" status="PASS">
          <reporter-output>
          </reporter-output>
        </test-method> <!-- closeBrowser -->
        <test-method is-config="true" signature="startBrowser()[pri:0, instance:TestCases.LoginTest@1a20270e]" started-at="2023-08-04T00:05:40 IST" name="startBrowser" finished-at="2023-08-04T00:05:45 IST" duration-ms="4938" status="PASS">
          <reporter-output>
          </reporter-output>
        </test-method> <!-- startBrowser -->
        <test-method signature="loginToApplication(java.lang.String,java.lang.String)[pri:0, instance:TestCases.LoginTest@1a20270e]" started-at="2023-08-04T00:05:45 IST" name="loginToApplication" data-provider="login" finished-at="2023-08-04T00:05:46 IST" duration-ms="219" status="PASS">
          <params>
            <param index="0">
              <value>
                <![CDATA[admin@admin.ai]]>
              </value>
            </param>
            <param index="1">
              <value>
                <![CDATA[admin]]>
              </value>
            </param>
          </params>
          <reporter-output>
          </reporter-output>
        </test-method> <!-- loginToApplication -->
        <test-method is-config="true" signature="closeBrowser()[pri:0, instance:TestCases.LoginTest@1a20270e]" started-at="2023-08-04T00:05:46 IST" name="closeBrowser" finished-at="2023-08-04T00:05:46 IST" duration-ms="150" status="PASS">
          <reporter-output>
          </reporter-output>
        </test-method> <!-- closeBrowser -->
      </class> <!-- TestCases.LoginTest -->
    </test> <!-- Test -->
  </suite> <!-- Suite -->
</testng-results>
